<?xml version="1.0" encoding="UTF-8"?>
<testng-results total="1" passed="1" failed="0" skipped="0">
  <reporter-output>
  </reporter-output>
  <suite started-at="2021-04-04T02:35:59Z" name="Default suite" finished-at="2021-04-04T02:36:29Z" duration-ms="29438">
    <groups>
    </groups>
    <test started-at="2021-04-04T02:35:59Z" name="Default test" finished-at="2021-04-04T02:36:29Z" duration-ms="29438">
      <class name="com.inetBanking.testCases.TC_LoginTest_001">
        <test-method is-config="true" signature="setup()[pri:0, instance:com.inetBanking.testCases.TC_LoginTest_001@548e6d58]" started-at="2021-04-03T22:35:59Z" name="setup" finished-at="2021-04-03T22:36:03Z" duration-ms="4041" status="PASS">
          <reporter-output>
          </reporter-output>
        </test-method> <!-- setup -->
        <test-method signature="loginTest()[pri:0, instance:com.inetBanking.testCases.TC_LoginTest_001@548e6d58]" started-at="2021-04-03T22:36:03Z" name="loginTest" finished-at="2021-04-03T22:36:28Z" duration-ms="24344" status="PASS">
          <reporter-output>
          </reporter-output>
        </test-method> <!-- loginTest -->
        <test-method is-config="true" signature="tearDown()[pri:0, instance:com.inetBanking.testCases.TC_LoginTest_001@548e6d58]" started-at="2021-04-03T22:36:28Z" name="tearDown" finished-at="2021-04-03T22:36:29Z" duration-ms="995" status="PASS">
          <reporter-output>
          </reporter-output>
        </test-method> <!-- tearDown -->
      </class> <!-- com.inetBanking.testCases.TC_LoginTest_001 -->
    </test> <!-- Default test -->
  </suite> <!-- Default suite -->
</testng-results>
